"../../../Engine/Content/Functions/Engine_MaterialFunctions01/Shading/PowerToRoughness.uasset" 0
"../../../Engine/Content/Functions/Engine_MaterialFunctions01/Shading/ConvertFromDiffSpec.uasset" 1
"../../../Engine/Content/EngineMaterials/DefaultDiffuse.uasset" 2
"../../../Engine/Content/EngineMaterials/DefaultDeferredDecalMaterial.uasset" 3
"../../../Engine/Content/EngineMaterials/DefaultLightFunctionMaterial.uasset" 4
"../../../Engine/Content/Functions/Engine_MaterialFunctions02/Utility/BreakOutFloat2Components.uasset" 5
"../../../Engine/Content/EngineMaterials/DefaultPostProcessMaterial.uasset" 6
"../../../Engine/Content/EditorMaterials/Camera/CineMat.uasset" 7
"../../../Engine/Content/EditorMaterials/Camera/MI_CineMat_Rig.uasset" 8
"../../../Engine/Content/EditorMeshes/Camera/SM_CraneRig_Base.uasset" 9
"../../../Engine/Content/EditorMeshes/Camera/SM_CraneRig_Arm.uasset" 10
"../../../Engine/Content/EditorMeshes/Camera/SM_CraneRig_Mount.uasset" 11
"../../../Engine/Content/EditorMeshes/Camera/SM_CraneRig_Body.uasset" 12
"../../../Engine/Content/EditorMeshes/Camera/SM_RailRig_Track.uasset" 13
"../../../Engine/Content/EditorMeshes/Camera/SM_RailRig_Mount.uasset" 14
"../../../Engine/Content/EngineResources/AICON-Red.uasset" 15
"../../../Engine/Content/EngineResources/AICON-Green.uasset" 16
"../../../Engine/Content/EngineFonts/Roboto.uasset" 17
"../../../Engine/Content/EngineResources/DefaultTexture.uasset" 18
"../../../Engine/Content/Functions/Engine_MaterialFunctions01/Texturing/ScaleUVsByCenter.uasset" 19
"../../../Engine/Content/Functions/Engine_MaterialFunctions02/ScreenResolution.uasset" 20
"../../../Engine/Content/Functions/Engine_MaterialFunctions02/Texturing/ScreenAlignedUVs.uasset" 21
"../../../Engine/Content/EngineResources/WhiteSquareTexture.uasset" 22
"../../../Engine/Content/EngineMaterials/Widget3DPassThrough.uasset" 23
"../../../Engine/Content/EngineMaterials/Widget3DPassThrough_Translucent.uasset" 24
"../../../Engine/Content/EngineMaterials/Widget3DPassThrough_Translucent_OneSided.uasset" 25
"../../../Engine/Content/EngineMaterials/Widget3DPassThrough_Opaque.uasset" 26
"../../../Engine/Content/EngineMaterials/Widget3DPassThrough_Opaque_OneSided.uasset" 27
"../../../Engine/Content/EngineMaterials/Widget3DPassThrough_Masked.uasset" 28
"../../../Engine/Content/EngineMaterials/Widget3DPassThrough_Masked_OneSided.uasset" 29
"../../../Engine/Content/EditorResources/S_Actor.uasset" 30
"../../../Engine/Content/EditorMaterials/AssetViewer/EpicQuadPanorama_CC+EV1.uasset" 31
"../../../Engine/Content/EditorResources/RGBTable16x1_AssetViewer.uasset" 32
"../../../Engine/Content/Maps/Templates/Thumbnails/Default.uasset" 33
"../../../Engine/Content/Maps/Templates/Thumbnails/VR-Basic.uasset" 34
"../../../Engine/Content/EditorMaterials/ParticleSystems/PSysThumbnail_NoImage.uasset" 35
"../../../Engine/Content/EditorMaterials/ParticleSystems/PSysThumbnail_OOD.uasset" 36
"../../../Engine/Content/EditorLandscapeResources/DataLayer.uasset" 37
"../../../Engine/Content/EngineDamageTypes/DmgTypeBP_Environmental.uasset" 38
"../../../Engine/Content/EngineMeshes/Sphere.uasset" 39
"../../../Engine/Content/EngineFonts/RobotoDistanceField.uasset" 40
"../../../Engine/Content/EngineMaterials/DefaultTextMaterialOpaque.uasset" 41
"../../../Engine/Content/EditorResources/S_Trigger.uasset" 42
"../../../Engine/Content/EngineResources/GradientTexture0.uasset" 43
"../../../Engine/Content/EngineResources/Black.uasset" 44
"../../../Engine/Content/EditorMaterials/MatineeGroups/MAT_Groups_Float.uasset" 45
"../../../Engine/Content/EditorMaterials/MatineeGroups/MAT_Groups_Director.uasset" 46
"../../../Engine/Content/EditorMaterials/MatineeGroups/MAT_Groups_Event.uasset" 47
"../../../Engine/Content/EditorMaterials/MatineeGroups/MAT_Groups_Anim.uasset" 48
"../../../Engine/Content/EditorMaterials/MatineeGroups/MAT_Groups_Fade.uasset" 49
"../../../Engine/Content/EditorMaterials/MatineeGroups/MAT_Groups_Move.uasset" 50
"../../../Engine/Content/EditorMaterials/MatineeGroups/MAT_Groups_Slomo.uasset" 51
"../../../Engine/Content/EditorMaterials/MatineeGroups/MAT_ColorTrack.uasset" 52
"../../../Engine/Content/EditorMaterials/MAT_Groups_Toggle.uasset" 53
"../../../Engine/Content/EditorMaterials/MatineeGroups/MAT_Groups_AudioMaster.uasset" 54
"../../../Engine/Content/EditorMaterials/MatineeGroups/MAT_Groups_Sound.uasset" 55
"../../../Engine/Content/EditorMaterials/MatineeGroups/MAT_Groups_Vector.uasset" 56
"../../../Engine/Content/EditorMaterials/MAT_Groups_Visibility.uasset" 57
"../../../Engine/Content/EngineResources/DefaultTextureCube.uasset" 58
"../../../Engine/Content/Functions/Engine_MaterialFunctions01/Opacity/CameraDepthFade.uasset" 59
"../../../Engine/Content/EngineMaterials/T_Default_Material_Grid_M.uasset" 60
"../../../Engine/Content/EngineMaterials/T_Default_Material_Grid_N.uasset" 61
"../../../Engine/Content/EngineMaterials/DefaultMaterial.uasset" 62
"../../../Engine/Content/EngineMeshes/Cylinder.uasset" 63
"../../../Engine/Content/EngineTireTypes/DefaultTireType.uasset" 64
"../../../Engine/Content/VREditor/LaserPointer/VR_LaserPower_01.uasset" 65
"../../../Engine/Content/VREditor/TransformGizmo/TransformGizmoMaterial.uasset" 66
"../../../Engine/Content/VREditor/TransformGizmo/TranslucentTransformGizmoMaterial.uasset" 67
"../../../Engine/Content/VREditor/TransformGizmo/UniformScaleHandle.uasset" 68
"../../../Engine/Content/VREditor/TransformGizmo/TranslateHandleLong.uasset" 69
"../../../Engine/Content/VREditor/TransformGizmo/PlaneTranslationHandle.uasset" 70
"../../../Engine/Content/VREditor/TransformGizmo/RotationHandleFull.uasset" 71
"../../../Engine/Content/VREditor/TransformGizmo/StretchingHandle.uasset" 72
"../../../Engine/Content/VREditor/TransformGizmo/BoundingBoxCorner.uasset" 73
"../../../Engine/Content/VREditor/TransformGizmo/BoundingBoxEdge.uasset" 74
"../../../Engine/Content/VREditor/UI/SelectionBarMesh.uasset" 75
"../../../Engine/Content/VREditor/UI/CloseButtonMesh.uasset" 76
"../../../Engine/Content/VREditor/FloatingText/LineMaterial.uasset" 77
"../../../Engine/Content/VREditor/FloatingText/LineSegmentCylinder.uasset" 78
"../../../Engine/Content/VREditor/FloatingText/JointSphere.uasset" 79
"../../../Engine/Content/VREditor/Fonts/VRText_RobotoLarge.uasset" 80
"../../../Engine/Content/VREditor/Fonts/VRTextMaterial.uasset" 81
"../../../Engine/Content/VREditor/Fonts/TranslucentVRTextMaterial.uasset" 82
"../../../Engine/Content/VREditor/TransformGizmo/TranslationHandle.uasset" 83
"../../../Engine/Content/VREditor/TransformGizmo/RotationHandle.uasset" 84
"../../../Engine/Content/VREditor/Devices/Generic/GenericHMDMaterial.uasset" 85
"../../../Engine/Content/VREditor/Devices/Generic/GenericHMD.uasset" 86
"../../../Engine/Content/Functions/Engine_MaterialFunctions01/Gradient/RadialGradient.uasset" 87
"../../../Engine/Content/EditorLandscapeResources/FlattenHeightMat.uasset" 88
"../../../Engine/Content/VREditor/WorldMovementGrid/PlaneMesh.uasset" 89
"../../../Engine/Content/VREditor/WorldMovementGrid/SimpleGrid.uasset" 90
"../../../Engine/Content/VREditor/WorldMovementGrid/GridMaterial.uasset" 91
"../../../Engine/Content/VREditor/LaserPointer/LaserPointerMaterial.uasset" 92
"../../../Engine/Content/VREditor/LaserPointer/LaserPointerMaterialInst.uasset" 93
"../../../Engine/Content/VREditor/LaserPointer/TranslucentLaserPointerMaterialInst.uasset" 94
"../../../Engine/Content/VREditor/LaserPointer/LaserPointerMesh.uasset" 95
"../../../Engine/Content/Functions/Engine_MaterialFunctions01/Density/ExponentialDensity.uasset" 96
"../../../Engine/Content/VREditor/WorldMovementGrid/GridPostProcess.uasset" 97
"../../../Engine/Content/VREditor/Sounds/VR_teleport_Cue.uasset" 98
"../../../Engine/Content/VREditor/Sounds/VR_grab_Cue.uasset" 99
"../../../Engine/Content/Tutorial/Mobile/TutorialAssets/android_Icon.uasset" 100
"../../../Engine/Content/Tutorial/ContentIntroCurve.uasset" 101
"../../../Engine/Plugins/2D/Paper2D/Content/PlaceholderTextures/DummySpriteTexture.uasset" 102
"../../../Engine/Plugins/2D/Paper2D/Content/DefaultSpriteMaterial.uasset" 103
"../../../Engine/Plugins/2D/Paper2D/Content/MaskedUnlitSpriteMaterial.uasset" 104
"../../../Engine/Plugins/2D/Paper2D/Content/OpaqueUnlitSpriteMaterial.uasset" 105
"../../../Engine/Plugins/2D/Paper2D/Content/DummySprite.uasset" 106
"../../../Engine/Plugins/2D/Paper2D/Content/DefaultPaperTerrainMaterial.uasset" 107
"../../../Engine/Content/EngineMaterials/RemoveSurfaceMaterial.uasset" 108
"../../../Engine/Content/EngineDebugMaterials/DebugMeshMaterial.uasset" 109
"../../../Engine/Content/EngineMaterials/InvalidLightmapSettings.uasset" 110
"../../../Engine/Content/EngineMaterials/M_InvalidLightmapSettings.uasset" 111
"../../../Engine/Content/EditorMaterials/GizmoMaterial.uasset" 112
"../../../Engine/Content/EngineMaterials/PhAT_JointLimitMaterial.uasset" 113
"../../../Engine/Content/EngineMaterials/Good64x64TilingNoiseHighFreq.uasset" 114
"../../../Engine/Content/EngineMaterials/DefaultBokeh.uasset" 115
"../../../Engine/Content/EngineMaterials/PreintegratedSkinBRDF.uasset" 116
"../../../Engine/Content/EngineMaterials/MiniFont.uasset" 117
"../../../Engine/Content/EngineMaterials/WeightMapPlaceholderTexture.uasset" 118
"../../../Engine/Content/EngineMaterials/DefaultWhiteGrid.uasset" 119
"../../../Engine/Content/EngineMaterials/DefaultPhysicalMaterial.uasset" 120
"../../../Engine/Content/EngineFonts/RobotoTiny.uasset" 121
"../../../Engine/Content/EditorSounds/Notifications/CompileSuccess.uasset" 122
"../../../Engine/Content/EditorSounds/Notifications/CompileStart_Cue.uasset" 123
"../../../Engine/Content/EditorSounds/Notifications/CompileSuccess_Cue.uasset" 124
"../../../Engine/Content/EditorSounds/Notifications/CompileFailed.uasset" 125
"../../../Engine/Content/EditorSounds/Notifications/CompileFailed_Cue.uasset" 126
"../../../turizm/Content/vrartourism/MobileStarterContent/Architecture/jetski/jetski_Skeleton.uasset" 127
"../../../turizm/Content/vrartourism/MobileStarterContent/Architecture/jetski/jetski_Anim.uasset" 128
"../../../Engine/Content/EngineMaterials/WorldGridMaterial.uasset" 129
"../../../Engine/Content/BasicShapes/Cube.uasset" 130
"../../../Engine/Content/BasicShapes/Sphere.uasset" 131
"../../../Engine/Content/BasicShapes/Cylinder.uasset" 132
"../../../Engine/Content/BasicShapes/Cone.uasset" 133
"../../../turizm/Content/vrartourism/MobileStarterContent/Materials/fabric_03_D.uasset" 134
"../../../turizm/Content/vrartourism/MobileStarterContent/Materials/fabric_03_Mat.uasset" 135
"../../../turizm/Content/vrartourism/MobileStarterContent/Materials/M_Basic_Wall.uasset" 136
"../../../turizm/Content/vrartourism/MobileStarterContent/Textures/T_Brick_Clay_New_D.uasset" 137
"../../../turizm/Content/vrartourism/MobileStarterContent/Textures/T_Brick_Clay_New_M.uasset" 138
"../../../turizm/Content/vrartourism/MobileStarterContent/Textures/T_Brick_Clay_New_N.uasset" 139
"../../../turizm/Content/vrartourism/MobileStarterContent/Materials/M_Brick_Clay_New.uasset" 140
"../../../turizm/Content/vrartourism/MobileStarterContent/Textures/T_Ceramic_Tile_M.uasset" 141
"../../../turizm/Content/vrartourism/MobileStarterContent/Textures/T_Ceramic_Tile_N.uasset" 142
"../../../turizm/Content/vrartourism/MobileStarterContent/Textures/T_Rock_Marble_Polished_D.uasset" 143
"../../../turizm/Content/vrartourism/MobileStarterContent/Materials/M_Ceramic_Tile_Checker.uasset" 144
"../../../turizm/Content/vrartourism/MobileStarterContent/Materials/M_Glass.uasset" 145
"../../../turizm/Content/vrartourism/MobileStarterContent/Materials/M_Glass_2.uasset" 146
"../../../turizm/Content/vrartourism/MobileStarterContent/Textures/T_Ground_Grass_D.uasset" 147
"../../../turizm/Content/vrartourism/MobileStarterContent/Textures/T_Ground_Grass_N.uasset" 148
"../../../turizm/Content/vrartourism/MobileStarterContent/Materials/M_Ground_Grass.uasset" 149
"../../../turizm/Content/vrartourism/MobileStarterContent/Textures/T_MacroVariation.uasset" 150
"../../../turizm/Content/vrartourism/MobileStarterContent/Materials/M_Metal_Brushed_Nickel.uasset" 151
"../../../turizm/Content/vrartourism/MobileStarterContent/Textures/T_Metal_Aluminum_D.uasset" 152
"../../../turizm/Content/vrartourism/MobileStarterContent/Textures/T_Metal_Gold_N.uasset" 153
"../../../turizm/Content/vrartourism/MobileStarterContent/Materials/M_Metal_Burnished_Steel.uasset" 154
"../../../turizm/Content/vrartourism/MobileStarterContent/Materials/M_Metal_Chrome.uasset" 155
"../../../turizm/Content/vrartourism/MobileStarterContent/Textures/T_Metal_Gold_D.uasset" 156
"../../../turizm/Content/vrartourism/MobileStarterContent/Materials/M_Metal_Gold.uasset" 157
"../../../Engine/Content/Functions/Engine_MaterialFunctions02/Utility/BlendAngleCorrectedNormals.uasset" 158
"../../../turizm/Content/vrartourism/MobileStarterContent/Textures/T_Water_M.uasset" 159
"../../../turizm/Content/vrartourism/MobileStarterContent/Textures/T_Water_N.uasset" 160
"../../../turizm/Content/vrartourism/MobileStarterContent/Materials/M_Water_Ocean.uasset" 161
"../../../turizm/Content/vrartourism/MobileStarterContent/Textures/T_Wood_Floor_Walnut_D.uasset" 162
"../../../turizm/Content/vrartourism/MobileStarterContent/Textures/T_Wood_Floor_Walnut_M.uasset" 163
"../../../turizm/Content/vrartourism/MobileStarterContent/Textures/T_Wood_Floor_Walnut_N.uasset" 164
"../../../turizm/Content/vrartourism/MobileStarterContent/Materials/M_Wood_Floor_Walnut_Worn.uasset" 165
"../../../turizm/Content/vrartourism/MobileStarterContent/Textures/T_Wood_Walnut_D.uasset" 166
"../../../turizm/Content/vrartourism/MobileStarterContent/Textures/T_Wood_Walnut_N.uasset" 167
"../../../turizm/Content/vrartourism/MobileStarterContent/Materials/M_Wood_Walnut.uasset" 168
"../../../turizm/Content/vrartourism/MobileStarterContent/texture/AI28_04_wood_kitchen.uasset" 169
"../../../turizm/Content/vrartourism/MobileStarterContent/texture/AI28_04_wood_kitchen_Mat.uasset" 170
"../../../turizm/Content/vrartourism/MobileStarterContent/texture/AI29_01_floor_wood_diffuse_bright.uasset" 171
"../../../turizm/Content/vrartourism/MobileStarterContent/texture/AI29_01_floor_wood_diffuse_bright_Mat.uasset" 172
"../../../turizm/Content/vrartourism/MobileStarterContent/texture/AI29_01_roaster_diffuse_01.uasset" 173
"../../../turizm/Content/vrartourism/MobileStarterContent/texture/AI29_01_roaster_diffuse_01_Mat.uasset" 174
"../../../turizm/Content/vrartourism/MobileStarterContent/texture/AI29_01_table_001_diffuse.uasset" 175
"../../../turizm/Content/vrartourism/MobileStarterContent/texture/AI29_01_table_001_Mat.uasset" 176
"../../../turizm/Content/vrartourism/MobileStarterContent/texture/AM138_060_wood.uasset" 177
"../../../turizm/Content/vrartourism/MobileStarterContent/texture/AM138_060_wood_Mat.uasset" 178
"../../../turizm/Content/vrartourism/MobileStarterContent/texture/AM_138_017_diff.uasset" 179
"../../../turizm/Content/vrartourism/MobileStarterContent/texture/AM_138_017_Mat.uasset" 180
"../../../turizm/Content/vrartourism/MobileStarterContent/texture/Arch41_009_leaf.uasset" 181
"../../../turizm/Content/vrartourism/MobileStarterContent/texture/Arch41_009_leaf_Mat.uasset" 182
"../../../turizm/Content/vrartourism/MobileStarterContent/texture/Archexteriors1_001_Grass.uasset" 183
"../../../turizm/Content/vrartourism/MobileStarterContent/texture/Archexteriors1_001_Grass_Mat.uasset" 184
"../../../turizm/Content/vrartourism/MobileStarterContent/texture/beyaz.uasset" 185
"../../../turizm/Content/vrartourism/MobileStarterContent/texture/depositphotos_5202292-stock-photo-seamless-tile-pattern.uasset" 186
"../../../turizm/Content/vrartourism/MobileStarterContent/texture/depositphotos_5202292-stock-photo-seamless-tile-pattern_Mat.uasset" 187
"../../../turizm/Content/vrartourism/MobileStarterContent/texture/flyer_interior_hd.uasset" 188
"../../../turizm/Content/vrartourism/MobileStarterContent/texture/flyer_interior_hd_Mat.uasset" 189
"../../../turizm/Content/vrartourism/MobileStarterContent/texture/Furnishings_Fabrics_Burlap.uasset" 190
"../../../turizm/Content/vrartourism/MobileStarterContent/texture/Furnishings_Fabrics_Burlap_Mat.uasset" 191
"../../../turizm/Content/vrartourism/MobileStarterContent/texture/Green_lush_grass_seamless_texture.uasset" 192
"../../../turizm/Content/vrartourism/MobileStarterContent/texture/Green_lush_grass_seamless_texture_Mat.uasset" 193
"../../../turizm/Content/vrartourism/MobileStarterContent/texture/light.uasset" 194
"../../../turizm/Content/vrartourism/MobileStarterContent/texture/Love__Hand_Tufted_Rug.uasset" 195
"../../../turizm/Content/vrartourism/MobileStarterContent/texture/Love__Hand_Tufted_Rug_Mat.uasset" 196
"../../../turizm/Content/vrartourism/MobileStarterContent/texture/NewMaterial.uasset" 197
"../../../turizm/Content/vrartourism/MobileStarterContent/texture/NewMaterial2.uasset" 198
"../../../turizm/Content/vrartourism/MobileStarterContent/texture/siyah.uasset" 199
"../../../turizm/Content/vrartourism/MobileStarterContent/texture/siyah_2.uasset" 200
"../../../turizm/Content/vrartourism/MobileStarterContent/texture/TexturesCom_BrickFacade0051_1_M.uasset" 201
"../../../turizm/Content/vrartourism/MobileStarterContent/texture/TexturesCom_BrickFacade0051_1_M_Mat.uasset" 202
"../../../turizm/Content/vrartourism/MobileStarterContent/texture/thatch_2f_jpgdc82c471-545e-4be2-ae66-a05f9f73de62Larger.uasset" 203
"../../../turizm/Content/vrartourism/MobileStarterContent/texture/thatch_2f_jpgdc82c471-545e-4be2-ae66-a05f9f73de62Larger_Mat.uasset" 204
"../../../turizm/Content/vrartourism/MobileStarterContent/texture/vehicle_generic_carbon.uasset" 205
"../../../turizm/Content/vrartourism/MobileStarterContent/texture/vehicle_generic_carbon_Mat.uasset" 206
"../../../turizm/Content/vrartourism/MobileStarterContent/texture/woodwerk_console_AI_27_01_kithcen_chair_diffuse.uasset" 207
"../../../turizm/Content/vrartourism/MobileStarterContent/texture/woodwerk_console_AI_27_01_kithcen_chair_Mat.uasset" 208
"../../../turizm/Content/vrartourism/MobileStarterContent/texture/yesil.uasset" 209
"../../../turizm/Content/vrartourism/MobileStarterContent/texture/yesil_2.uasset" 210
"../../../turizm/Content/vrartourism/MobileStarterContent/texture/yesil_3.uasset" 211
"../../../turizm/Content/vrartourism/MobileStarterContent/texture/yesil_4.uasset" 212
"../../../turizm/Content/vrartourism/MobileStarterContent/texturez_4757.uasset" 213
"../../../turizm/Content/vrartourism/MobileStarterContent/texturez_4757_Mat.uasset" 214
"../../../turizm/Content/vrartourism/MobileStarterContent/Architecture/1/1.uasset" 215
"../../../turizm/Content/vrartourism/MobileStarterContent/Architecture/1/2.uasset" 216
"../../../turizm/Content/vrartourism/MobileStarterContent/Architecture/1/cam.uasset" 217
"../../../turizm/Content/vrartourism/MobileStarterContent/Architecture/1/cam2.uasset" 218
"../../../turizm/Content/vrartourism/MobileStarterContent/Architecture/1/cati1.uasset" 219
"../../../turizm/Content/vrartourism/MobileStarterContent/Architecture/1/cati2.uasset" 220
"../../../turizm/Content/vrartourism/MobileStarterContent/Architecture/1/cati3.uasset" 221
"../../../turizm/Content/vrartourism/MobileStarterContent/Architecture/1/cim1.uasset" 222
"../../../turizm/Content/vrartourism/MobileStarterContent/Architecture/1/cimduvar.uasset" 223
"../../../turizm/Content/vrartourism/MobileStarterContent/Architecture/1/d1.uasset" 224
"../../../turizm/Content/vrartourism/MobileStarterContent/Architecture/1/d2.uasset" 225
"../../../turizm/Content/vrartourism/MobileStarterContent/Architecture/1/d3.uasset" 226
"../../../turizm/Content/vrartourism/MobileStarterContent/Architecture/1/d4.uasset" 227
"../../../turizm/Content/vrartourism/MobileStarterContent/Architecture/1/d5.uasset" 228
"../../../turizm/Content/vrartourism/MobileStarterContent/Architecture/1/d6.uasset" 229
"../../../turizm/Content/vrartourism/MobileStarterContent/Architecture/1/d7.uasset" 230
"../../../turizm/Content/vrartourism/MobileStarterContent/Architecture/1/d8.uasset" 231
"../../../turizm/Content/vrartourism/MobileStarterContent/Architecture/1/deniz.uasset" 232
"../../../turizm/Content/vrartourism/MobileStarterContent/Architecture/1/havuzyan.uasset" 233
"../../../turizm/Content/vrartourism/MobileStarterContent/Architecture/1/helicopteralt.uasset" 234
"../../../turizm/Content/vrartourism/MobileStarterContent/Architecture/1/helicopterayak.uasset" 235
"../../../turizm/Content/vrartourism/MobileStarterContent/Architecture/1/helicopterkorkuluk.uasset" 236
"../../../turizm/Content/vrartourism/MobileStarterContent/Architecture/1/helicopterkorkuluk2.uasset" 237
"../../../turizm/Content/vrartourism/MobileStarterContent/Architecture/1/kolon.uasset" 238
"../../../turizm/Content/vrartourism/MobileStarterContent/Architecture/1/koltuk1.uasset" 239
"../../../turizm/Content/vrartourism/MobileStarterContent/Architecture/1/koltuk2.uasset" 240
"../../../turizm/Content/vrartourism/MobileStarterContent/Architecture/1/koltuk3.uasset" 241
"../../../turizm/Content/vrartourism/MobileStarterContent/Architecture/1/korkuluk2.uasset" 242
"../../../turizm/Content/vrartourism/MobileStarterContent/Architecture/1/sezlong.uasset" 243
"../../../turizm/Content/vrartourism/MobileStarterContent/Architecture/1/sezlong2.uasset" 244
"../../../turizm/Content/vrartourism/MobileStarterContent/Architecture/1/sualt.uasset" 245
"../../../turizm/Content/vrartourism/MobileStarterContent/Architecture/1/yol1.uasset" 246
"../../../turizm/Content/vrartourism/MobileStarterContent/Architecture/1/zemin1.uasset" 247
"../../../turizm/Content/vrartourism/MobileStarterContent/Architecture/2/armut1.uasset" 248
"../../../turizm/Content/vrartourism/MobileStarterContent/Architecture/2/armut2.uasset" 249
"../../../turizm/Content/vrartourism/MobileStarterContent/Architecture/2/hali.uasset" 250
"../../../turizm/Content/vrartourism/MobileStarterContent/Architecture/2/sehpa1_AM_138_017_obj_01.uasset" 251
"../../../turizm/Content/vrartourism/MobileStarterContent/Architecture/2/yaprak1_Object013.uasset" 252
"../../../turizm/Content/vrartourism/MobileStarterContent/Architecture/2/yaprak2_Object014.uasset" 253
"../../../turizm/Content/vrartourism/MobileStarterContent/Architecture/ahsapyo1.uasset" 254
"../../../turizm/Content/vrartourism/MobileStarterContent/Architecture/koltuk/k1.uasset" 255
"../../../turizm/Content/vrartourism/MobileStarterContent/Architecture/koltuk/k10.uasset" 256
"../../../turizm/Content/vrartourism/MobileStarterContent/Architecture/koltuk/k11.uasset" 257
"../../../turizm/Content/vrartourism/MobileStarterContent/Architecture/koltuk/k12.uasset" 258
"../../../turizm/Content/vrartourism/MobileStarterContent/Architecture/koltuk/k13.uasset" 259
"../../../turizm/Content/vrartourism/MobileStarterContent/Architecture/koltuk/k14.uasset" 260
"../../../turizm/Content/vrartourism/MobileStarterContent/Architecture/koltuk/k15.uasset" 261
"../../../turizm/Content/vrartourism/MobileStarterContent/Architecture/koltuk/k16.uasset" 262
"../../../turizm/Content/vrartourism/MobileStarterContent/Architecture/koltuk/k2.uasset" 263
"../../../turizm/Content/vrartourism/MobileStarterContent/Architecture/koltuk/k3.uasset" 264
"../../../turizm/Content/vrartourism/MobileStarterContent/Architecture/koltuk/k4.uasset" 265
"../../../turizm/Content/vrartourism/MobileStarterContent/Architecture/koltuk/k5.uasset" 266
"../../../turizm/Content/vrartourism/MobileStarterContent/Architecture/koltuk/k6.uasset" 267
"../../../turizm/Content/vrartourism/MobileStarterContent/Architecture/koltuk/k7.uasset" 268
"../../../turizm/Content/vrartourism/MobileStarterContent/Architecture/koltuk/k8.uasset" 269
"../../../turizm/Content/vrartourism/MobileStarterContent/Architecture/koltuk/k9.uasset" 270
"../../../turizm/Content/vrartourism/MobileStarterContent/Architecture/lamba/l2.uasset" 271
"../../../turizm/Content/vrartourism/MobileStarterContent/Architecture/lamba/l3.uasset" 272
"../../../turizm/Content/vrartourism/MobileStarterContent/Architecture/lamba/l4.uasset" 273
"../../../turizm/Content/vrartourism/MobileStarterContent/Architecture/merdiven/merdiven_Box039.uasset" 274
"../../../turizm/Content/vrartourism/MobileStarterContent/Architecture/merdiven/merdiven_Box040.uasset" 275
"../../../turizm/Content/vrartourism/MobileStarterContent/Architecture/merdiven/merdiven_Object139.uasset" 276
"../../../turizm/Content/vrartourism/MobileStarterContent/Architecture/merdiven/merdiven_Object140.uasset" 277
"../../../turizm/Content/vrartourism/MobileStarterContent/Architecture/merdiven/merdiven_Object141.uasset" 278
"../../../turizm/Content/vrartourism/MobileStarterContent/Architecture/merdiven/merdiven_Object142.uasset" 279
"../../../turizm/Content/vrartourism/MobileStarterContent/Architecture/merdiven/merdiven_Object143.uasset" 280
"../../../turizm/Content/vrartourism/MobileStarterContent/Architecture/merdiven/merdiven_Object144.uasset" 281
"../../../turizm/Content/vrartourism/MobileStarterContent/Architecture/merdiven/merdiven_Object145.uasset" 282
"../../../turizm/Content/vrartourism/MobileStarterContent/Architecture/merdiven/merdiven_Object146.uasset" 283
"../../../turizm/Content/vrartourism/MobileStarterContent/Architecture/merdiven/merdiven_Object147.uasset" 284
"../../../turizm/Content/vrartourism/MobileStarterContent/Architecture/merdiven/merdiven_Object148.uasset" 285
"../../../turizm/Content/vrartourism/MobileStarterContent/Architecture/merdiven/merdiven_Object149.uasset" 286
"../../../turizm/Content/vrartourism/MobileStarterContent/Architecture/merdiven/merdiven_Object150.uasset" 287
"../../../turizm/Content/vrartourism/MobileStarterContent/Architecture/merdiven/merdiven_Object151.uasset" 288
"../../../turizm/Content/vrartourism/MobileStarterContent/Architecture/merdiven/merdiven_Object152.uasset" 289
"../../../turizm/Content/vrartourism/MobileStarterContent/Architecture/merdiven/merdiven_Object153.uasset" 290
"../../../turizm/Content/vrartourism/MobileStarterContent/Architecture/merdiven/merdiven_Object154.uasset" 291
"../../../turizm/Content/vrartourism/MobileStarterContent/Architecture/merdiven/merdiven_Object155.uasset" 292
"../../../turizm/Content/vrartourism/MobileStarterContent/Architecture/merdiven/merdiven_Object156.uasset" 293
"../../../turizm/Content/vrartourism/MobileStarterContent/Architecture/merdiven/merdiven_Object157.uasset" 294
"../../../turizm/Content/vrartourism/MobileStarterContent/Architecture/merdiven/merdiven_Object158.uasset" 295
"../../../turizm/Content/vrartourism/MobileStarterContent/Architecture/mutfak/m1.uasset" 296
"../../../turizm/Content/vrartourism/MobileStarterContent/Architecture/mutfak/m10.uasset" 297
"../../../turizm/Content/vrartourism/MobileStarterContent/Architecture/mutfak/m11.uasset" 298
"../../../turizm/Content/vrartourism/MobileStarterContent/Architecture/mutfak/m12.uasset" 299
"../../../turizm/Content/vrartourism/MobileStarterContent/Architecture/mutfak/m13.uasset" 300
"../../../turizm/Content/vrartourism/MobileStarterContent/Architecture/mutfak/m14.uasset" 301
"../../../turizm/Content/vrartourism/MobileStarterContent/Architecture/mutfak/m16.uasset" 302
"../../../turizm/Content/vrartourism/MobileStarterContent/Architecture/mutfak/m17.uasset" 303
"../../../turizm/Content/vrartourism/MobileStarterContent/Architecture/mutfak/m18.uasset" 304
"../../../turizm/Content/vrartourism/MobileStarterContent/Architecture/mutfak/m19.uasset" 305
"../../../turizm/Content/vrartourism/MobileStarterContent/Architecture/mutfak/m2.uasset" 306
"../../../turizm/Content/vrartourism/MobileStarterContent/Architecture/mutfak/m20.uasset" 307
"../../../turizm/Content/vrartourism/MobileStarterContent/Architecture/mutfak/m21.uasset" 308
"../../../turizm/Content/vrartourism/MobileStarterContent/Architecture/mutfak/m22.uasset" 309
"../../../turizm/Content/vrartourism/MobileStarterContent/Architecture/mutfak/m3.uasset" 310
"../../../turizm/Content/vrartourism/MobileStarterContent/Architecture/mutfak/m4.uasset" 311
"../../../turizm/Content/vrartourism/MobileStarterContent/Architecture/mutfak/m5.uasset" 312
"../../../turizm/Content/vrartourism/MobileStarterContent/Architecture/mutfak/m6.uasset" 313
"../../../turizm/Content/vrartourism/MobileStarterContent/Architecture/mutfak/m7.uasset" 314
"../../../turizm/Content/vrartourism/MobileStarterContent/Architecture/mutfak/m8.uasset" 315
"../../../turizm/Content/vrartourism/MobileStarterContent/Architecture/mutfak/m9.uasset" 316
"../../../turizm/Content/vrartourism/MobileStarterContent/Architecture/tv/tv1.uasset" 317
"../../../turizm/Content/vrartourism/MobileStarterContent/Architecture/tv/tv10.uasset" 318
"../../../turizm/Content/vrartourism/MobileStarterContent/Architecture/tv/tv11.uasset" 319
"../../../turizm/Content/vrartourism/MobileStarterContent/Architecture/tv/tv12.uasset" 320
"../../../turizm/Content/vrartourism/MobileStarterContent/Architecture/tv/tv13.uasset" 321
"../../../turizm/Content/vrartourism/MobileStarterContent/Architecture/tv/tv14.uasset" 322
"../../../turizm/Content/vrartourism/MobileStarterContent/Architecture/tv/tv15.uasset" 323
"../../../turizm/Content/vrartourism/MobileStarterContent/Architecture/tv/tv16.uasset" 324
"../../../turizm/Content/vrartourism/MobileStarterContent/Architecture/tv/tv2.uasset" 325
"../../../turizm/Content/vrartourism/MobileStarterContent/Architecture/tv/tv3.uasset" 326
"../../../turizm/Content/vrartourism/MobileStarterContent/Architecture/tv/tv4.uasset" 327
"../../../turizm/Content/vrartourism/MobileStarterContent/Architecture/tv/tv5.uasset" 328
"../../../turizm/Content/vrartourism/MobileStarterContent/Architecture/tv/tv6.uasset" 329
"../../../turizm/Content/vrartourism/MobileStarterContent/Architecture/tv/tv8.uasset" 330
"../../../turizm/Content/vrartourism/MobileStarterContent/Architecture/tv/tv9.uasset" 331
"../../../turizm/Content/vrartourism/MobileStarterContent/Architecture/yatak/y1.uasset" 332
"../../../turizm/Content/vrartourism/MobileStarterContent/Architecture/yatak/y2.uasset" 333
"../../../turizm/Content/vrartourism/MobileStarterContent/Architecture/yatak/y3.uasset" 334
"../../../turizm/Content/vrartourism/MobileStarterContent/Audio/Starter_Background_Cue.uasset" 335
"../../../Engine/Content/EditorResources/BSPVertex.uasset" 336
"../../../Engine/Content/EngineDebugMaterials/GeomMaterial.uasset" 337
"../../../Engine/Content/EngineDebugMaterials/HeatmapGradient.uasset" 338
"../../../Engine/Content/EngineDebugMaterials/BoneWeightMaterial.uasset" 339
"../../../Engine/Content/EditorMaterials/PreviewShadowIndicator.uasset" 340
"../../../Engine/Content/EditorMaterials/PreviewShadowIndicatorMaterial.uasset" 341
"../../../Engine/Content/EngineMaterials/EditorBrushMaterial.uasset" 342
"../../../Engine/Content/EditorMeshes/ColorCalibrator/M_ChromeBall.uasset" 343
"../../../Engine/Content/EditorMeshes/ColorCalibrator/M_ClearCoat.uasset" 344
"../../../Engine/Content/EditorMeshes/ColorCalibrator/M_ClearCoatBlack.uasset" 345
"../../../Engine/Content/EditorMeshes/ColorCalibrator/T_ColorGrid.uasset" 346
"../../../Engine/Content/EditorMeshes/ColorCalibrator/M_ColorGrid.uasset" 347
"../../../Engine/Content/EditorMeshes/ColorCalibrator/M_GreyBall.uasset" 348
"../../../Engine/Content/EditorMeshes/ColorCalibrator/SM_ColorCalibrator.uasset" 349
"../../../Engine/Content/Tutorial/BlueprintTutorials/TutorialAssets/Blueprint_64x.uasset" 350
"../../../Engine/Content/Tutorial/SubEditors/TutorialAssets/icon_Editor_Preferences_General_40x.uasset" 351
"../../../Engine/Content/Tutorial/Paper2D/TutorialAssets/Paper2DSprite_TutorialIcon.uasset" 352
"../../../Engine/Content/Tutorial/SubEditors/TutorialAssets/icon_ShowSkeletalMeshes_40x.uasset" 353
"../../../Engine/Content/Tutorial/Landscape/TutorialAssets/Landscape.uasset" 354
"../../../Engine/Content/Tutorial/Foliage/TutorialAssets/Foliage.uasset" 355
"../../../Engine/Content/Tutorial/Basics/TutorialAssets/icon_tab_Levels_40x.uasset" 356
"../../../Engine/Content/Tutorial/BlueprintTutorials/TutorialAssets/BlueprintMacroLibrary_64x.uasset" 357
"../../../Engine/Content/Tutorial/BlueprintTutorials/TutorialAssets/BlueprintInterface_64x.uasset" 358
"../../../Engine/Content/Tutorial/Paper2D/TutorialAssets/Paper2DFlipbook_TutorialIcon.uasset" 359
"../../../Engine/Content/MobileResources/HUD/T_Castle_ThumbstickInner.uasset" 360
"../../../Engine/Content/MobileResources/HUD/MobileHUDDirectionPad3.uasset" 361
"../../../Engine/Content/MobileResources/HUD/MobileHUDDirectionPad.uasset" 362
"../../../Engine/Content/EditorResources/EmptyActor.uasset" 363
"../../../Engine/Content/EditorResources/AudioIcons/S_AudioComponent_AutoActivate.uasset" 364
"../../../Engine/Content/MobileResources/HUD/MobileHUDButtonFire.uasset" 365
"../../../Engine/Content/MobileResources/HUD/MobileHUDButton3.uasset" 366
"../../../Engine/Content/MobileResources/HUD/MobileHUDButton2_on.uasset" 367
"../../../Engine/Content/MobileResources/HUD/MobileHUDButton2_off.uasset" 368
"../../../Engine/Content/MobileResources/HUD/MobileHUDButton1_on.uasset" 369
"../../../Engine/Content/MobileResources/HUD/MobileHUDButton1_off.uasset" 370
"../../../Engine/Content/MobileResources/HUD/VirtualJoystick_Background.uasset" 371
"../../../Engine/Content/MobileResources/HUD/VirtualJoystick_Thumb.uasset" 372
"../../../Engine/Content/MobileResources/HUD/LeftVirtualJoystickOnly.uasset" 373
"../../../Engine/Content/EngineMeshes/Cube.uasset" 374
"../../../Engine/Content/Tutorial/BlueprintTutorials/TutorialAssets/Tutorial_BP_Interface.uasset" 375
"../../../Engine/Content/EditorMeshes/EditorCube.uasset" 376
"../../../Engine/Content/Tutorial/SubEditors/TutorialAssets/Tutorial_DM.uasset" 377
"../../../Engine/Content/Tutorial/SubEditors/TutorialAssets/TutorialMaterial.uasset" 378
"../../../Engine/Content/Tutorial/SubEditors/TutorialAssets/T_SmokeSubUV_8X8.uasset" 379
"../../../Engine/Content/Tutorial/SubEditors/TutorialAssets/T_soft_smoke.uasset" 380
"../../../Engine/Content/Tutorial/SubEditors/TutorialAssets/M_smoke_subUV_blackbody.uasset" 381
"../../../Engine/Content/Tutorial/SubEditors/TutorialAssets/TutorialParticleSystem.uasset" 382
"../../../Engine/Content/MobileResources/T_MobileControls_texture.uasset" 383
"../../../Engine/Content/MobileResources/HUD/T_Castle_ThumbstickOutter.uasset" 384
"../../../Engine/Content/MobileResources/HUD/MobileHUDDirectionStick.uasset" 385
"../../../Engine/Content/MobileResources/HUD/MobileHUDDirectionPad2.uasset" 386
"../../../Engine/Content/MobileResources/HUD/DefaultVirtualJoysticks.uasset" 387
"../../../Engine/Content/MobileResources/HUD/AnalogHat.uasset" 388
"../../../Engine/Content/MobileResources/T_MobileMenu2.uasset" 389
"../../../Engine/Content/EngineMaterials/DefaultNormal.uasset" 390
"../../../Engine/Content/Maps/Entry.umap" 391
"../../../turizm/Content/FirstPersonBP/Blueprints/FirstPersonCharacter.uasset" 392
"../../../Engine/Content/EditorBlueprintResources/StandardMacros.uasset" 393
"../../../Engine/Content/EngineSky/C_Sky_Cloud_Color.uasset" 394
"../../../Engine/Content/EngineSky/C_Sky_Horizon_Color.uasset" 395
"../../../Engine/Content/EngineSky/C_Sky_Zenith_Color.uasset" 396
"../../../Engine/Content/EngineSky/T_Sky_Blue.uasset" 397
"../../../Engine/Content/EngineSky/T_Sky_Clouds_M.uasset" 398
"../../../Engine/Content/EngineSky/T_Sky_Stars.uasset" 399
"../../../Engine/Content/EngineSky/M_Sky_Panning_Clouds2.uasset" 400
"../../../Engine/Content/EngineSky/SM_SkySphere.uasset" 401
"../../../Engine/Content/EngineSky/BP_Sky_Sphere.uasset" 402
"../../../turizm/Content/FirstPersonBP/Blueprints/FirstPersonHUD.uasset" 403
"../../../turizm/Content/FirstPersonBP/Blueprints/FirstPersonGameMode.uasset" 404
"../../../turizm/Content/AIUE_V01_002/Textures/AIUE_V01_002_caustics.uasset" 405
"../../../turizm/Content/AIUE_V01_002/Textures/AIUE_V01_002_noise_cloud.uasset" 406
"../../../turizm/Content/AIUE_V01_002/Textures/AIUE_V01_002_wave_bw_01.uasset" 407
"../../../turizm/Content/AIUE_V01_002/Textures/AIUE_V01_002_wave_NM_01.uasset" 408
"../../../turizm/Content/AIUE_V01_002/Materials/AIUE_V01_002_water_pool_MAT22.uasset" 409
"../../../turizm/Content/AIUE_V01_002/Meshes/AIUE_V01_002_pool_water.uasset" 410
"../../../turizm/Content/Assets/Textures/T_BackgroundMatte.uasset" 411
"../../../turizm/Content/Assets/Materials/M_BackgroundMatte.uasset" 412
"../../../turizm/Content/Assets/Meshes/SM_BackGroundMatte.uasset" 413
"../../../turizm/Content/MobileStarterContent/Maps/TourismVR.umap" 414
